<?xml version="1.0" encoding="UTF-8"?>
<testsuite name="com.automation.runner.WebTestRunner" tests="7" skipped="0" failures="0" errors="0" timestamp="2025-07-22T02:37:48" hostname="DESKTOP-2UB34OT" time="43.045">
  <properties/>
  <testcase name="Add product to cart on SauceDemo - Add an existing product to cart" classname="com.automation.runner.WebTestRunner" time="2.769"/>
  <testcase name="Add product to cart on SauceDemo - Attempt to checkout with empty cart" classname="com.automation.runner.WebTestRunner" time="22.771"/>
  <testcase name="Checkout flow on SauceDemo - Full checkout process and logout" classname="com.automation.runner.WebTestRunner" time="5.161"/>
  <testcase name="SauceDemo Website Login - Successful login with valid credentials" classname="com.automation.runner.WebTestRunner" time="3.129"/>
  <testcase name="SauceDemo Website Login - Failed login with invalid username" classname="com.automation.runner.WebTestRunner" time="3.076"/>
  <testcase name="SauceDemo Website Login - Failed login with invalid password" classname="com.automation.runner.WebTestRunner" time="3.124"/>
  <testcase name="SauceDemo Website Login - Failed login with empty credentials" classname="com.automation.runner.WebTestRunner" time="3.014"/>
  <system-out><![CDATA[
@web @positive
Scenario: Add an existing product to cart      ?[90m# features/web/cart.feature:6?[0m
[INFO] Setting up ChromeDriver...
[INFO] ChromeDriver setup complete.
[INFO] ChromeDriver started successfully.
  ?[32mGiven ?[0m?[32mUser is logged in to SauceDemo?[0m         ?[90m# com.automation.steps.web.CartSteps.userIsLoggedIn()?[0m
  ?[32mWhen ?[0m?[32mUser adds the first product to the cart?[0m ?[90m# com.automation.steps.web.CartSteps.userAddsFirstProduct()?[0m
  ?[32mThen ?[0m?[32mCart badge shows 1 item?[0m                 ?[90m# com.automation.steps.web.CartSteps.cartBadgeShowsOne()?[0m

@web @negative
Scenario: Attempt to checkout with empty cart    ?[90m# features/web/cart.feature:11?[0m
[INFO] Setting up ChromeDriver...
[INFO] ChromeDriver setup complete.
[INFO] ChromeDriver started successfully.
  ?[32mGiven ?[0m?[32mUser is logged in to SauceDemo?[0m           ?[90m# com.automation.steps.web.CartSteps.userIsLoggedIn()?[0m
  ?[32mWhen ?[0m?[32mUser clicks the cart icon with empty cart?[0m ?[90m# com.automation.steps.web.CartSteps.userClicksCartEmpty()?[0m
  ?[32mAnd ?[0m?[32mUser proceeds to checkout?[0m                  ?[90m# com.automation.steps.web.CartSteps.userProceedsToCheckout()?[0m
  ?[32mThen ?[0m?[32mUser sees error message for empty cart?[0m    ?[90m# com.automation.steps.web.CartSteps.userSeesEmptyCartError()?[0m

@web @positive
Scenario: Full checkout process and logout                                    ?[90m# features/web/checkout.feature:7?[0m
[INFO] Setting up ChromeDriver...
[INFO] ChromeDriver setup complete.
[INFO] ChromeDriver started successfully.
  ?[32mGiven ?[0m?[32mI am on the SauceDemo login page?[0m                                      ?[90m# com.automation.steps.web.LoginSteps.openLoginPage()?[0m
  ?[32mAnd ?[0m?[32mI have valid username ?[0m?[32m?[1m"standard_user"?[0m?[32m and password ?[0m?[32m?[1m"secret_sauce"?[0m       ?[90m# com.automation.steps.web.CheckoutSteps.setCredentials(java.lang.String,java.lang.String)?[0m
  ?[32mWhen ?[0m?[32mI login with valid credentials?[0m                                         ?[90m# com.automation.steps.web.CheckoutSteps.loginWithValidCredentials()?[0m
  ?[32mAnd ?[0m?[32mI open the menu?[0m                                                         ?[90m# com.automation.steps.web.CheckoutSteps.openMenu()?[0m
  ?[32mThen ?[0m?[32mthe Logout link should be visible?[0m                                      ?[90m# com.automation.steps.web.CheckoutSteps.verifyLogoutLink()?[0m
  ?[32mAnd ?[0m?[32mI should see the page title ?[0m?[32m?[1m"Products"?[0m                                  ?[90m# com.automation.steps.web.CheckoutSteps.verifyTitle(java.lang.String)?[0m
  ?[32mWhen ?[0m?[32mI navigate to the first product detail page?[0m                            ?[90m# com.automation.steps.web.CheckoutSteps.goToFirstProductDetail()?[0m
  ?[32mThen ?[0m?[32mI should see the product name on detail page?[0m                           ?[90m# com.automation.steps.web.CheckoutSteps.verifyProductNameOnDetail()?[0m
  ?[32mWhen ?[0m?[32mI add the product to the cart?[0m                                          ?[90m# com.automation.steps.web.CheckoutSteps.addProductToCart()?[0m
  ?[32mThen ?[0m?[32mI should see a ?[0m?[32m?[1m"Remove"?[0m?[32m button for that product?[0m                        ?[90m# com.automation.steps.web.CheckoutSteps.verifyButtonText(java.lang.String)?[0m
  ?[32mWhen ?[0m?[32mI go to the cart page?[0m                                                  ?[90m# com.automation.steps.web.CheckoutSteps.goToCart()?[0m
  ?[32mThen ?[0m?[32mI should see the product ?[0m?[32m?[1m"Sauce Labs Backpack"?[0m?[32m in the cart?[0m             ?[90m# com.automation.steps.web.CheckoutSteps.verifyProductInCart(java.lang.String)?[0m
  ?[32mWhen ?[0m?[32mI click the checkout button?[0m                                            ?[90m# com.automation.steps.web.CheckoutSteps.clickCheckout()?[0m
  ?[32mThen ?[0m?[32mI should be on the checkout information page?[0m                           ?[90m# com.automation.steps.web.CheckoutSteps.verifyCheckoutPage()?[0m
  ?[32mWhen ?[0m?[32mI enter first name ?[0m?[32m?[1m"Jan"?[0m?[32m and last name ?[0m?[32m?[1m"Novak"?[0m?[32m and postal code ?[0m?[32m?[1m"10400"?[0m ?[90m# com.automation.steps.web.CheckoutSteps.fillCheckoutInformation(java.lang.String,java.lang.String,java.lang.String)?[0m
  ?[32mAnd ?[0m?[32mI continue to the overview page?[0m                                         ?[90m# com.automation.steps.web.CheckoutSteps.continueToOverview()?[0m
  ?[32mThen ?[0m?[32mI should be on the checkout overview page?[0m                              ?[90m# com.automation.steps.web.CheckoutSteps.verifyOverviewPage()?[0m
  ?[32mAnd ?[0m?[32mI should see the product ?[0m?[32m?[1m"Sauce Labs Backpack"?[0m?[32m in overview?[0m              ?[90m# com.automation.steps.web.CheckoutSteps.verifyProductInOverview(java.lang.String)?[0m
  ?[32mWhen ?[0m?[32mI logout from the application?[0m                                          ?[90m# com.automation.steps.web.CheckoutSteps.logout()?[0m
  ?[32mThen ?[0m?[32mI should be on the login page?[0m                                          ?[90m# com.automation.steps.web.CheckoutSteps.verifyOnLoginPage()?[0m

@web @positive
Scenario: Successful login with valid credentials ?[90m# features/web/login.feature:10?[0m
[INFO] Setting up ChromeDriver...
[INFO] ChromeDriver setup complete.
[INFO] ChromeDriver started successfully.
  ?[32mGiven ?[0m?[32mI am on the SauceDemo login page?[0m          ?[90m# com.automation.steps.web.LoginSteps.openLoginPage()?[0m
  ?[32mWhen ?[0m?[32mI enter username ?[0m?[32m?[1m"standard_user"?[0m           ?[90m# com.automation.steps.web.LoginSteps.enterUsername(java.lang.String)?[0m
  ?[32mAnd ?[0m?[32mI enter password ?[0m?[32m?[1m"secret_sauce"?[0m             ?[90m# com.automation.steps.web.LoginSteps.enterPassword(java.lang.String)?[0m
  ?[32mAnd ?[0m?[32mI click the login button?[0m                    ?[90m# com.automation.steps.web.LoginSteps.clickLogin()?[0m
  ?[32mThen ?[0m?[32mI should be on the Products page?[0m           ?[90m# com.automation.steps.web.LoginSteps.verifyOnProductsPage()?[0m
  ?[32mAnd ?[0m?[32mI should see a title ?[0m?[32m?[1m"Products"?[0m             ?[90m# com.automation.steps.web.LoginSteps.verifyTitle(java.lang.String)?[0m

@web @negative
Scenario: Failed login with invalid username ?[90m# features/web/login.feature:18?[0m
[INFO] Setting up ChromeDriver...
[INFO] ChromeDriver setup complete.
[INFO] ChromeDriver started successfully.
  ?[32mGiven ?[0m?[32mI am on the SauceDemo login page?[0m     ?[90m# com.automation.steps.web.LoginSteps.openLoginPage()?[0m
  ?[32mWhen ?[0m?[32mI enter username ?[0m?[32m?[1m"invalid_user"?[0m       ?[90m# com.automation.steps.web.LoginSteps.enterUsername(java.lang.String)?[0m
  ?[32mAnd ?[0m?[32mI enter password ?[0m?[32m?[1m"secret_sauce"?[0m        ?[90m# com.automation.steps.web.LoginSteps.enterPassword(java.lang.String)?[0m
  ?[32mAnd ?[0m?[32mI click the login button?[0m               ?[90m# com.automation.steps.web.LoginSteps.clickLogin()?[0m
  ?[32mThen ?[0m?[32mI should see login error message?[0m      ?[90m# com.automation.steps.web.LoginSteps.verifyLoginError()?[0m
  ?[32mAnd ?[0m?[32mI should still be on the login page?[0m    ?[90m# com.automation.steps.web.LoginSteps.verifyStillOnLoginPage()?[0m

@web @negative
Scenario: Failed login with invalid password ?[90m# features/web/login.feature:26?[0m
[INFO] Setting up ChromeDriver...
[INFO] ChromeDriver setup complete.
[INFO] ChromeDriver started successfully.
  ?[32mGiven ?[0m?[32mI am on the SauceDemo login page?[0m     ?[90m# com.automation.steps.web.LoginSteps.openLoginPage()?[0m
  ?[32mWhen ?[0m?[32mI enter username ?[0m?[32m?[1m"standard_user"?[0m      ?[90m# com.automation.steps.web.LoginSteps.enterUsername(java.lang.String)?[0m
  ?[32mAnd ?[0m?[32mI enter password ?[0m?[32m?[1m"wrong_password"?[0m      ?[90m# com.automation.steps.web.LoginSteps.enterPassword(java.lang.String)?[0m
  ?[32mAnd ?[0m?[32mI click the login button?[0m               ?[90m# com.automation.steps.web.LoginSteps.clickLogin()?[0m
  ?[32mThen ?[0m?[32mI should see login error message?[0m      ?[90m# com.automation.steps.web.LoginSteps.verifyLoginError()?[0m
  ?[32mAnd ?[0m?[32mI should still be on the login page?[0m    ?[90m# com.automation.steps.web.LoginSteps.verifyStillOnLoginPage()?[0m

@web @negative
Scenario: Failed login with empty credentials ?[90m# features/web/login.feature:34?[0m
[INFO] Setting up ChromeDriver...
[INFO] ChromeDriver setup complete.
[INFO] ChromeDriver started successfully.
  ?[32mGiven ?[0m?[32mI am on the SauceDemo login page?[0m      ?[90m# com.automation.steps.web.LoginSteps.openLoginPage()?[0m
  ?[32mWhen ?[0m?[32mI clear username field?[0m                 ?[90m# com.automation.steps.web.LoginSteps.clearUsername()?[0m
  ?[32mAnd ?[0m?[32mI clear password field?[0m                  ?[90m# com.automation.steps.web.LoginSteps.clearPassword()?[0m
  ?[32mAnd ?[0m?[32mI click the login button?[0m                ?[90m# com.automation.steps.web.LoginSteps.clickLogin()?[0m
  ?[32mThen ?[0m?[32mI should see validation error message?[0m  ?[90m# com.automation.steps.web.LoginSteps.verifyValidationError()?[0m
]]></system-out>
  <system-err><![CDATA[Jul 22, 2025 9:37:49 AM org.openqa.selenium.devtools.CdpVersionFinder findNearestMatch
WARNING: Unable to find CDP implementation matching 138
Jul 22, 2025 9:37:49 AM org.openqa.selenium.chromium.ChromiumDriver lambda$new$5
WARNING: Unable to find version of CDP to use for 138.0.7204.158. You may need to include a dependency on a specific version of the CDP using something similar to `org.seleniumhq.selenium:selenium-devtools-v86:4.15.0` where the version ("v86") matches the version of the chromium-based browser you're using and the version number of the artifact is the same as Selenium's.
Jul 22, 2025 9:37:49 AM org.openqa.selenium.devtools.CdpVersionFinder findNearestMatch
WARNING: Unable to find CDP implementation matching 138
Jul 22, 2025 9:37:49 AM org.openqa.selenium.chromium.ChromiumDriver lambda$new$5
WARNING: Unable to find version of CDP to use for 138.0.7204.158. You may need to include a dependency on a specific version of the CDP using something similar to `org.seleniumhq.selenium:selenium-devtools-v86:4.15.0` where the version ("v86") matches the version of the chromium-based browser you're using and the version number of the artifact is the same as Selenium's.
Jul 22, 2025 9:37:50 AM org.openqa.selenium.devtools.CdpVersionFinder findNearestMatch
WARNING: Unable to find CDP implementation matching 138
Jul 22, 2025 9:37:50 AM org.openqa.selenium.chromium.ChromiumDriver lambda$new$5
WARNING: Unable to find version of CDP to use for 138.0.7204.158. You may need to include a dependency on a specific version of the CDP using something similar to `org.seleniumhq.selenium:selenium-devtools-v86:4.15.0` where the version ("v86") matches the version of the chromium-based browser you're using and the version number of the artifact is the same as Selenium's.
Jul 22, 2025 9:37:52 AM org.openqa.selenium.devtools.CdpVersionFinder findNearestMatch
WARNING: Unable to find CDP implementation matching 138
Jul 22, 2025 9:37:52 AM org.openqa.selenium.chromium.ChromiumDriver lambda$new$5
WARNING: Unable to find version of CDP to use for 138.0.7204.158. You may need to include a dependency on a specific version of the CDP using something similar to `org.seleniumhq.selenium:selenium-devtools-v86:4.15.0` where the version ("v86") matches the version of the chromium-based browser you're using and the version number of the artifact is the same as Selenium's.
Jul 22, 2025 9:37:52 AM org.openqa.selenium.devtools.CdpVersionFinder findNearestMatch
WARNING: Unable to find CDP implementation matching 138
Jul 22, 2025 9:37:52 AM org.openqa.selenium.chromium.ChromiumDriver lambda$new$5
WARNING: Unable to find version of CDP to use for 138.0.7204.158. You may need to include a dependency on a specific version of the CDP using something similar to `org.seleniumhq.selenium:selenium-devtools-v86:4.15.0` where the version ("v86") matches the version of the chromium-based browser you're using and the version number of the artifact is the same as Selenium's.
Jul 22, 2025 9:37:53 AM org.openqa.selenium.devtools.CdpVersionFinder findNearestMatch
WARNING: Unable to find CDP implementation matching 138
Jul 22, 2025 9:37:53 AM org.openqa.selenium.chromium.ChromiumDriver lambda$new$5
WARNING: Unable to find version of CDP to use for 138.0.7204.158. You may need to include a dependency on a specific version of the CDP using something similar to `org.seleniumhq.selenium:selenium-devtools-v86:4.15.0` where the version ("v86") matches the version of the chromium-based browser you're using and the version number of the artifact is the same as Selenium's.
Jul 22, 2025 9:38:14 AM org.openqa.selenium.devtools.CdpVersionFinder findNearestMatch
WARNING: Unable to find CDP implementation matching 138
Jul 22, 2025 9:38:14 AM org.openqa.selenium.chromium.ChromiumDriver lambda$new$5
WARNING: Unable to find version of CDP to use for 138.0.7204.158. You may need to include a dependency on a specific version of the CDP using something similar to `org.seleniumhq.selenium:selenium-devtools-v86:4.15.0` where the version ("v86") matches the version of the chromium-based browser you're using and the version number of the artifact is the same as Selenium's.
Jul 22, 2025 9:38:15 AM org.openqa.selenium.devtools.CdpVersionFinder findNearestMatch
WARNING: Unable to find CDP implementation matching 138
Jul 22, 2025 9:38:15 AM org.openqa.selenium.chromium.ChromiumDriver lambda$new$5
WARNING: Unable to find version of CDP to use for 138.0.7204.158. You may need to include a dependency on a specific version of the CDP using something similar to `org.seleniumhq.selenium:selenium-devtools-v86:4.15.0` where the version ("v86") matches the version of the chromium-based browser you're using and the version number of the artifact is the same as Selenium's.
Jul 22, 2025 9:38:16 AM org.openqa.selenium.devtools.CdpVersionFinder findNearestMatch
WARNING: Unable to find CDP implementation matching 138
Jul 22, 2025 9:38:16 AM org.openqa.selenium.chromium.ChromiumDriver lambda$new$5
WARNING: Unable to find version of CDP to use for 138.0.7204.158. You may need to include a dependency on a specific version of the CDP using something similar to `org.seleniumhq.selenium:selenium-devtools-v86:4.15.0` where the version ("v86") matches the version of the chromium-based browser you're using and the version number of the artifact is the same as Selenium's.
Jul 22, 2025 9:38:20 AM org.openqa.selenium.devtools.CdpVersionFinder findNearestMatch
WARNING: Unable to find CDP implementation matching 138
Jul 22, 2025 9:38:20 AM org.openqa.selenium.chromium.ChromiumDriver lambda$new$5
WARNING: Unable to find version of CDP to use for 138.0.7204.158. You may need to include a dependency on a specific version of the CDP using something similar to `org.seleniumhq.selenium:selenium-devtools-v86:4.15.0` where the version ("v86") matches the version of the chromium-based browser you're using and the version number of the artifact is the same as Selenium's.
Jul 22, 2025 9:38:20 AM org.openqa.selenium.devtools.CdpVersionFinder findNearestMatch
WARNING: Unable to find CDP implementation matching 138
Jul 22, 2025 9:38:20 AM org.openqa.selenium.chromium.ChromiumDriver lambda$new$5
WARNING: Unable to find version of CDP to use for 138.0.7204.158. You may need to include a dependency on a specific version of the CDP using something similar to `org.seleniumhq.selenium:selenium-devtools-v86:4.15.0` where the version ("v86") matches the version of the chromium-based browser you're using and the version number of the artifact is the same as Selenium's.
Jul 22, 2025 9:38:21 AM org.openqa.selenium.devtools.CdpVersionFinder findNearestMatch
WARNING: Unable to find CDP implementation matching 138
Jul 22, 2025 9:38:21 AM org.openqa.selenium.chromium.ChromiumDriver lambda$new$5
WARNING: Unable to find version of CDP to use for 138.0.7204.158. You may need to include a dependency on a specific version of the CDP using something similar to `org.seleniumhq.selenium:selenium-devtools-v86:4.15.0` where the version ("v86") matches the version of the chromium-based browser you're using and the version number of the artifact is the same as Selenium's.
Jul 22, 2025 9:38:23 AM org.openqa.selenium.devtools.CdpVersionFinder findNearestMatch
WARNING: Unable to find CDP implementation matching 138
Jul 22, 2025 9:38:23 AM org.openqa.selenium.chromium.ChromiumDriver lambda$new$5
WARNING: Unable to find version of CDP to use for 138.0.7204.158. You may need to include a dependency on a specific version of the CDP using something similar to `org.seleniumhq.selenium:selenium-devtools-v86:4.15.0` where the version ("v86") matches the version of the chromium-based browser you're using and the version number of the artifact is the same as Selenium's.
Jul 22, 2025 9:38:23 AM org.openqa.selenium.devtools.CdpVersionFinder findNearestMatch
WARNING: Unable to find CDP implementation matching 138
Jul 22, 2025 9:38:23 AM org.openqa.selenium.chromium.ChromiumDriver lambda$new$5
WARNING: Unable to find version of CDP to use for 138.0.7204.158. You may need to include a dependency on a specific version of the CDP using something similar to `org.seleniumhq.selenium:selenium-devtools-v86:4.15.0` where the version ("v86") matches the version of the chromium-based browser you're using and the version number of the artifact is the same as Selenium's.
Jul 22, 2025 9:38:24 AM org.openqa.selenium.devtools.CdpVersionFinder findNearestMatch
WARNING: Unable to find CDP implementation matching 138
Jul 22, 2025 9:38:24 AM org.openqa.selenium.chromium.ChromiumDriver lambda$new$5
WARNING: Unable to find version of CDP to use for 138.0.7204.158. You may need to include a dependency on a specific version of the CDP using something similar to `org.seleniumhq.selenium:selenium-devtools-v86:4.15.0` where the version ("v86") matches the version of the chromium-based browser you're using and the version number of the artifact is the same as Selenium's.
Jul 22, 2025 9:38:26 AM org.openqa.selenium.devtools.CdpVersionFinder findNearestMatch
WARNING: Unable to find CDP implementation matching 138
Jul 22, 2025 9:38:26 AM org.openqa.selenium.chromium.ChromiumDriver lambda$new$5
WARNING: Unable to find version of CDP to use for 138.0.7204.158. You may need to include a dependency on a specific version of the CDP using something similar to `org.seleniumhq.selenium:selenium-devtools-v86:4.15.0` where the version ("v86") matches the version of the chromium-based browser you're using and the version number of the artifact is the same as Selenium's.
Jul 22, 2025 9:38:26 AM org.openqa.selenium.devtools.CdpVersionFinder findNearestMatch
WARNING: Unable to find CDP implementation matching 138
Jul 22, 2025 9:38:26 AM org.openqa.selenium.chromium.ChromiumDriver lambda$new$5
WARNING: Unable to find version of CDP to use for 138.0.7204.158. You may need to include a dependency on a specific version of the CDP using something similar to `org.seleniumhq.selenium:selenium-devtools-v86:4.15.0` where the version ("v86") matches the version of the chromium-based browser you're using and the version number of the artifact is the same as Selenium's.
Jul 22, 2025 9:38:27 AM org.openqa.selenium.devtools.CdpVersionFinder findNearestMatch
WARNING: Unable to find CDP implementation matching 138
Jul 22, 2025 9:38:27 AM org.openqa.selenium.chromium.ChromiumDriver lambda$new$5
WARNING: Unable to find version of CDP to use for 138.0.7204.158. You may need to include a dependency on a specific version of the CDP using something similar to `org.seleniumhq.selenium:selenium-devtools-v86:4.15.0` where the version ("v86") matches the version of the chromium-based browser you're using and the version number of the artifact is the same as Selenium's.
Jul 22, 2025 9:38:29 AM org.openqa.selenium.devtools.CdpVersionFinder findNearestMatch
WARNING: Unable to find CDP implementation matching 138
Jul 22, 2025 9:38:29 AM org.openqa.selenium.chromium.ChromiumDriver lambda$new$5
WARNING: Unable to find version of CDP to use for 138.0.7204.158. You may need to include a dependency on a specific version of the CDP using something similar to `org.seleniumhq.selenium:selenium-devtools-v86:4.15.0` where the version ("v86") matches the version of the chromium-based browser you're using and the version number of the artifact is the same as Selenium's.
Jul 22, 2025 9:38:30 AM org.openqa.selenium.devtools.CdpVersionFinder findNearestMatch
WARNING: Unable to find CDP implementation matching 138
Jul 22, 2025 9:38:30 AM org.openqa.selenium.chromium.ChromiumDriver lambda$new$5
WARNING: Unable to find version of CDP to use for 138.0.7204.158. You may need to include a dependency on a specific version of the CDP using something similar to `org.seleniumhq.selenium:selenium-devtools-v86:4.15.0` where the version ("v86") matches the version of the chromium-based browser you're using and the version number of the artifact is the same as Selenium's.
Jul 22, 2025 9:38:30 AM org.openqa.selenium.devtools.CdpVersionFinder findNearestMatch
WARNING: Unable to find CDP implementation matching 138
Jul 22, 2025 9:38:30 AM org.openqa.selenium.chromium.ChromiumDriver lambda$new$5
WARNING: Unable to find version of CDP to use for 138.0.7204.158. You may need to include a dependency on a specific version of the CDP using something similar to `org.seleniumhq.selenium:selenium-devtools-v86:4.15.0` where the version ("v86") matches the version of the chromium-based browser you're using and the version number of the artifact is the same as Selenium's.
?[32m?[1m??????????????????????????????????????????????????????????????????????????????????????[0m
?[32m?[1m??[0m Share your Cucumber Report with your team at ?[36m?[1m?[4mhttps://reports.cucumber.io?[0m          ?[32m?[1m??[0m
?[32m?[1m??[0m Activate publishing with one of the following:                                    ?[32m?[1m??[0m
?[32m?[1m??[0m                                                                                   ?[32m?[1m??[0m
?[32m?[1m??[0m src/test/resources/cucumber.properties:          ?[36mcucumber.publish.enabled?[0m=?[36mtrue?[0m    ?[32m?[1m??[0m
?[32m?[1m??[0m src/test/resources/junit-platform.properties:    ?[36mcucumber.publish.enabled?[0m=?[36mtrue?[0m    ?[32m?[1m??[0m
?[32m?[1m??[0m Environment variable:                            ?[36mCUCUMBER_PUBLISH_ENABLED?[0m=?[36mtrue?[0m    ?[32m?[1m??[0m
?[32m?[1m??[0m JUnit:                                           ?[36m@CucumberOptions?[0m(publish = ?[36mtrue?[0m) ?[32m?[1m??[0m
?[32m?[1m??[0m                                                                                   ?[32m?[1m??[0m
?[32m?[1m??[0m More information at ?[36mhttps://cucumber.io/docs/cucumber/environment-variables/?[0m      ?[32m?[1m??[0m
?[32m?[1m??[0m                                                                                   ?[32m?[1m??[0m
?[32m?[1m??[0m Disable this message with one of the following:                                   ?[32m?[1m??[0m
?[32m?[1m??[0m                                                                                   ?[32m?[1m??[0m
?[32m?[1m??[0m src/test/resources/cucumber.properties:          ?[36mcucumber.publish.quiet?[0m=?[36mtrue?[0m      ?[32m?[1m??[0m
?[32m?[1m??[0m src/test/resources/junit-platform.properties:    ?[36mcucumber.publish.quiet?[0m=?[36mtrue?[0m      ?[32m?[1m??[0m
?[32m?[1m??????????????????????????????????????????????????????????????????????????????????????[0m
]]></system-err>
</testsuite>
